c:\users\scott\desktop\robust-variance-score\rvs\rvs\x64\debug\rvs.pch
c:\users\scott\desktop\robust-variance-score\rvs\rvs\x64\debug\vc140.pdb
c:\users\scott\desktop\robust-variance-score\rvs\rvs\x64\debug\vc140.idb
c:\users\scott\desktop\robust-variance-score\rvs\rvs\x64\debug\stdafx.obj
c:\users\scott\desktop\robust-variance-score\rvs\rvs\x64\debug\memorymapped.obj
c:\users\scott\desktop\robust-variance-score\rvs\rvs\x64\debug\rvs.obj
c:\users\scott\desktop\robust-variance-score\rvs\rvs\x64\debug\processhelper.obj
c:\users\scott\desktop\robust-variance-score\rvs\rvs\x64\debug\simplefunctions.obj
c:\users\scott\desktop\robust-variance-score\rvs\rvs\x64\debug\vcfprocesshelper.obj
c:\users\scott\desktop\robust-variance-score\rvs\rvs\x64\debug\vcfhelper.obj
c:\users\scott\desktop\robust-variance-score\rvs\rvs\x64\debug\statistics.obj
c:\users\scott\desktop\robust-variance-score\rvs\rvs\x64\debug\processvcf.obj
c:\users\scott\desktop\robust-variance-score\rvs\x64\debug\rvs.ilk
c:\users\scott\desktop\robust-variance-score\rvs\x64\debug\rvs.exe
c:\users\scott\desktop\robust-variance-score\rvs\x64\debug\rvs.pdb
c:\users\scott\desktop\robust-variance-score\rvs\rvs\x64\debug\rvs.tlog\cl.command.1.tlog
c:\users\scott\desktop\robust-variance-score\rvs\rvs\x64\debug\rvs.tlog\cl.read.1.tlog
c:\users\scott\desktop\robust-variance-score\rvs\rvs\x64\debug\rvs.tlog\cl.write.1.tlog
c:\users\scott\desktop\robust-variance-score\rvs\rvs\x64\debug\rvs.tlog\link.command.1.tlog
c:\users\scott\desktop\robust-variance-score\rvs\rvs\x64\debug\rvs.tlog\link.read.1.tlog
c:\users\scott\desktop\robust-variance-score\rvs\rvs\x64\debug\rvs.tlog\link.write.1.tlog
