  RVS.cpp
c:\users\scott\desktop\rvs\rvs\parser\inputparser.h(103): warning C4244: '=': conversion from 'uint64_t' to 'int', possible loss of data
c:\users\scott\desktop\rvs\rvs\rvs.cpp(24): warning C4018: '<': signed/unsigned mismatch
c:\users\scott\desktop\rvs\rvs\rvs.cpp(28): warning C4244: 'argument': conversion from 'double' to 'const int', possible loss of data
c:\users\scott\desktop\rvs\rvs\rvs.cpp(37): warning C4018: '<': signed/unsigned mismatch
c:\users\scott\desktop\rvs\rvs\rvs.cpp(46): warning C4018: '<': signed/unsigned mismatch
c:\users\scott\desktop\rvs\rvs\rvs.cpp(47): warning C4018: '<': signed/unsigned mismatch
c:\users\scott\desktop\rvs\rvs\rvs.cpp(54): warning C4018: '<': signed/unsigned mismatch
c:\users\scott\desktop\rvs\rvs\rvs.cpp(65): warning C4018: '<': signed/unsigned mismatch
c:\users\scott\desktop\rvs\rvs\rvs.cpp(79): warning C4018: '<': signed/unsigned mismatch
c:\users\scott\desktop\rvs\rvs\rvs.cpp(80): warning C4018: '<': signed/unsigned mismatch
c:\users\scott\desktop\rvs\rvs\rvs.cpp(83): warning C4018: '<': signed/unsigned mismatch
  VariantFilterUtils.cpp
c:\users\scott\desktop\rvs\rvs\parser\inputparser.h(103): warning C4244: '=': conversion from 'uint64_t' to 'int', possible loss of data
c:\users\scott\desktop\rvs\rvs\parser\filter\variantfilterutils.cpp(5): warning C4267: 'initializing': conversion from 'size_t' to 'int', possible loss of data
c:\users\scott\desktop\rvs\rvs\parser\filter\variantfilterutils.cpp(17): warning C4244: 'argument': conversion from 'double' to 'unsigned __int64', possible loss of data
c:\users\scott\desktop\rvs\rvs\parser\filter\variantfilterutils.cpp(19): warning C4244: 'argument': conversion from 'double' to 'unsigned __int64', possible loss of data
c:\users\scott\desktop\rvs\rvs\parser\filter\variantfilterutils.cpp(36): warning C4267: 'initializing': conversion from 'size_t' to 'int', possible loss of data
c:\users\scott\desktop\rvs\rvs\parser\filter\variantfilterutils.cpp(48): warning C4267: 'initializing': conversion from 'size_t' to 'int', possible loss of data
c:\users\scott\desktop\rvs\rvs\parser\filter\variantfilterutils.cpp(56): warning C4267: 'initializing': conversion from 'size_t' to 'int', possible loss of data
c:\users\scott\desktop\rvs\rvs\parser\filter\variantfilterutils.cpp(67): warning C4267: 'initializing': conversion from 'size_t' to 'int', possible loss of data
c:\users\scott\desktop\rvs\rvs\parser\filter\variantfilterutils.cpp(75): warning C4267: 'initializing': conversion from 'size_t' to 'int', possible loss of data
c:\users\scott\desktop\rvs\rvs\parser\filter\variantfilterutils.cpp(88): warning C4267: 'initializing': conversion from 'size_t' to 'int', possible loss of data
c:\users\scott\desktop\rvs\rvs\parser\filter\variantfilterutils.cpp(100): warning C4267: 'initializing': conversion from 'size_t' to 'int', possible loss of data
c:\users\scott\desktop\rvs\rvs\parser\filter\variantfilterutils.cpp(121): warning C4267: 'initializing': conversion from 'size_t' to 'int', possible loss of data
c:\users\scott\desktop\rvs\rvs\parser\filter\variantfilterutils.cpp(138): warning C4267: 'initializing': conversion from 'size_t' to 'int', possible loss of data
c:\users\scott\desktop\rvs\rvs\parser\filter\variantfilterutils.cpp(155): warning C4267: 'initializing': conversion from 'size_t' to 'int', possible loss of data
c:\users\scott\desktop\rvs\rvs\parser\filter\variantfilterutils.cpp(181): warning C4267: 'initializing': conversion from 'size_t' to 'int', possible loss of data
  Generating Code...
  RVS.vcxproj -> C:\Users\Scott\Desktop\RVS\x64\Debug\RVS.exe
